YeoDdaDae/YeoDdaDae/app/build/intermediates/manifest_merge_blame_file/debug/manifest-merger-blame-debug-report.txt
1<?xml version="1.0" encoding="utf-8"?>
2<manifest xmlns:android="http://schemas.android.com/apk/res/android"
3    package="com.bucheon.yeoddadae"
4    android:versionCode="1"
5    android:versionName="1.0" >
6
7    <uses-sdk
8        android:minSdkVersion="24"
9        android:targetSdkVersion="34" />
10
11    <uses-permission android:name="android.permission.INTERNET" />
11-->src\main\AndroidManifest.xml:58:5-66
11-->src\main\AndroidManifest.xml:58:22-64
12    <uses-permission android:name="android.permission.ACCESS_FINE_LOCATION" />
12-->src\main\AndroidManifest.xml:59:5-78
12-->src\main\AndroidManifest.xml:59:22-76
13    <uses-permission android:name="android.permission.ACCESS_COARSE_LOCATION" />
13-->src\main\AndroidManifest.xml:60:5-80
13-->src\main\AndroidManifest.xml:60:22-78
14    <uses-permission android:name="android.permission.ACCESS_NETWORK_STATE" />
14-->src\main\AndroidManifest.xml:61:5-78
14-->src\main\AndroidManifest.xml:61:22-76
15    <uses-permission android:name="android.permission.FOREGROUND_SERVICE" />
15-->src\main\AndroidManifest.xml:62:5-76
15-->src\main\AndroidManifest.xml:62:22-74
16    <uses-permission android:name="android.permission.RECORD_AUDIO" />
16-->src\main\AndroidManifest.xml:64:5-70
16-->src\main\AndroidManifest.xml:64:22-68
17
18    <queries>
18-->src\main\AndroidManifest.xml:65:5-72:15
19        <intent>
19-->src\main\AndroidManifest.xml:66:9-68:18
20            <action android:name="android.speech.RecognitionService" />
20-->src\main\AndroidManifest.xml:67:13-72
20-->src\main\AndroidManifest.xml:67:21-69
21        </intent>
22
23        <package android:name="com.skt.skaf.l001mtm091" />
23-->src\main\AndroidManifest.xml:70:9-58
23-->src\main\AndroidManifest.xml:70:18-56
24        <package android:name="com.skt.tmap.ku" />
24-->src\main\AndroidManifest.xml:71:9-50
24-->src\main\AndroidManifest.xml:71:18-48
25    </queries>
26
27    <uses-permission android:name="android.permission.WAKE_LOCK" />
27-->[com.google.android.gms:play-services-measurement:21.5.0] AndroidManifest.xml:25:5-68
27-->[com.google.android.gms:play-services-measurement:21.5.0] AndroidManifest.xml:25:22-65
28    <uses-permission android:name="com.google.android.finsky.permission.BIND_GET_INSTALL_REFERRER_SERVICE" />
28-->[com.google.android.gms:play-services-measurement:21.5.0] AndroidManifest.xml:26:5-110
28-->[com.google.android.gms:play-services-measurement:21.5.0] AndroidManifest.xml:26:22-107
29    <uses-permission android:name="com.google.android.gms.permission.AD_ID" />
29-->[com.google.android.gms:play-services-measurement-api:21.5.0] AndroidManifest.xml:25:5-79
29-->[com.google.android.gms:play-services-measurement-api:21.5.0] AndroidManifest.xml:25:22-76
30    <uses-permission android:name="android.permission.ACCESS_ADSERVICES_ATTRIBUTION" />
30-->[com.google.android.gms:play-services-measurement-api:21.5.0] AndroidManifest.xml:26:5-88
30-->[com.google.android.gms:play-services-measurement-api:21.5.0] AndroidManifest.xml:26:22-85
31    <uses-permission android:name="android.permission.ACCESS_ADSERVICES_AD_ID" />
31-->[com.google.android.gms:play-services-measurement-api:21.5.0] AndroidManifest.xml:27:5-82
31-->[com.google.android.gms:play-services-measurement-api:21.5.0] AndroidManifest.xml:27:22-79
32    <uses-permission android:name="com.google.android.providers.gsf.permission.READ_GSERVICES" />
32-->[com.google.android.recaptcha:recaptcha:18.4.0] AndroidManifest.xml:9:5-98
32-->[com.google.android.recaptcha:recaptcha:18.4.0] AndroidManifest.xml:9:22-95
33
34    <permission
34-->[androidx.core:core:1.10.1] AndroidManifest.xml:22:5-24:47
35        android:name="com.bucheon.yeoddadae.DYNAMIC_RECEIVER_NOT_EXPORTED_PERMISSION"
35-->[androidx.core:core:1.10.1] AndroidManifest.xml:23:9-81
36        android:protectionLevel="signature" />
36-->[androidx.core:core:1.10.1] AndroidManifest.xml:24:9-44
37
38    <uses-permission android:name="com.bucheon.yeoddadae.DYNAMIC_RECEIVER_NOT_EXPORTED_PERMISSION" />
38-->[androidx.core:core:1.10.1] AndroidManifest.xml:26:5-97
38-->[androidx.core:core:1.10.1] AndroidManifest.xml:26:22-94
39
40    <uses-feature
40-->[com.tmapmobility.tmap:vsm-tmap-sdk:1.6.118] AndroidManifest.xml:11:5-13:35
41        android:glEsVersion="0x00020000"
41-->[com.tmapmobility.tmap:vsm-tmap-sdk:1.6.118] AndroidManifest.xml:12:9-41
42        android:required="true" />
42-->[com.tmapmobility.tmap:vsm-tmap-sdk:1.6.118] AndroidManifest.xml:13:9-32
43
44    <application
44-->src\main\AndroidManifest.xml:6:5-56:19
45        android:name="com.bucheon.yeoddadae.App"
45-->src\main\AndroidManifest.xml:7:9-28
46        android:allowBackup="true"
46-->src\main\AndroidManifest.xml:8:9-35
47        android:appComponentFactory="androidx.core.app.CoreComponentFactory"
47-->[androidx.core:core:1.10.1] AndroidManifest.xml:28:18-86
48        android:dataExtractionRules="@xml/data_extraction_rules"
48-->src\main\AndroidManifest.xml:9:9-65
49        android:debuggable="true"
50        android:extractNativeLibs="false"
51        android:fullBackupContent="@xml/backup_rules"
51-->src\main\AndroidManifest.xml:10:9-54
52        android:icon="@mipmap/ic_launcher"
52-->src\main\AndroidManifest.xml:11:9-43
53        android:label="@string/app_name"
53-->src\main\AndroidManifest.xml:12:9-41
54        android:roundIcon="@mipmap/ic_launcher_round"
54-->src\main\AndroidManifest.xml:13:9-54
55        android:supportsRtl="true"
55-->src\main\AndroidManifest.xml:14:9-35
56        android:testOnly="true"
57        android:theme="@style/Theme.YeoDdaDae"
57-->src\main\AndroidManifest.xml:15:9-47
58        android:usesCleartextTraffic="true" >
58-->src\main\AndroidManifest.xml:17:9-44
59        <activity
59-->src\main\AndroidManifest.xml:18:9-26:20
60            android:name="com.bucheon.yeoddadae.StartActivity"
60-->src\main\AndroidManifest.xml:19:13-42
61            android:exported="true" >
61-->src\main\AndroidManifest.xml:20:13-36
62            <intent-filter>
62-->src\main\AndroidManifest.xml:21:13-25:29
63                <action android:name="android.intent.action.MAIN" />
63-->src\main\AndroidManifest.xml:22:17-69
63-->src\main\AndroidManifest.xml:22:25-66
64
65                <category android:name="android.intent.category.LAUNCHER" />
65-->src\main\AndroidManifest.xml:24:17-77
65-->src\main\AndroidManifest.xml:24:27-74
66            </intent-filter>
67        </activity>
68        <activity android:name="com.bucheon.yeoddadae.LoginActivity" />
68-->src\main\AndroidManifest.xml:27:9-50
68-->src\main\AndroidManifest.xml:27:19-48
69        <activity android:name="com.bucheon.yeoddadae.RegisterActivity" />
69-->src\main\AndroidManifest.xml:28:9-53
69-->src\main\AndroidManifest.xml:28:19-51
70        <activity android:name="com.bucheon.yeoddadae.ChangePasswordActivity" />
70-->src\main\AndroidManifest.xml:29:9-59
70-->src\main\AndroidManifest.xml:29:19-57
71        <activity android:name="com.bucheon.yeoddadae.MainActivity" />
71-->src\main\AndroidManifest.xml:30:9-49
71-->src\main\AndroidManifest.xml:30:19-47
72        <activity android:name="com.bucheon.yeoddadae.UsageHistoryActivity" />
72-->src\main\AndroidManifest.xml:31:9-57
72-->src\main\AndroidManifest.xml:31:19-55
73        <activity android:name="com.bucheon.yeoddadae.YdPointChargeActivity" />
73-->src\main\AndroidManifest.xml:32:9-58
73-->src\main\AndroidManifest.xml:32:19-56
74        <activity android:name="com.bucheon.yeoddadae.YdPointRefundActivity" />
74-->src\main\AndroidManifest.xml:33:9-58
74-->src\main\AndroidManifest.xml:33:19-56
75        <activity android:name="com.bucheon.yeoddadae.FindParkActivity" />
75-->src\main\AndroidManifest.xml:34:9-53
75-->src\main\AndroidManifest.xml:34:19-51
76        <activity android:name="com.bucheon.yeoddadae.ReservationInformationActivity" />
76-->src\main\AndroidManifest.xml:35:9-67
76-->src\main\AndroidManifest.xml:35:19-65
77        <activity android:name="com.bucheon.yeoddadae.ReservationParkActivity" />
77-->src\main\AndroidManifest.xml:36:9-60
77-->src\main\AndroidManifest.xml:36:19-58
78        <activity android:name="com.bucheon.yeoddadae.PaymentActivity" />
78-->src\main\AndroidManifest.xml:37:9-52
78-->src\main\AndroidManifest.xml:37:19-50
79        <activity android:name="com.bucheon.yeoddadae.FindGasStationActivity" />
79-->src\main\AndroidManifest.xml:38:9-59
79-->src\main\AndroidManifest.xml:38:19-57
80        <activity android:name="com.bucheon.yeoddadae.MyShareParkInformationActivity" />
80-->src\main\AndroidManifest.xml:39:9-67
80-->src\main\AndroidManifest.xml:39:19-65
81        <activity android:name="com.bucheon.yeoddadae.ShareParkActivity" />
81-->src\main\AndroidManifest.xml:40:9-54
81-->src\main\AndroidManifest.xml:40:19-52
82        <activity android:name="com.bucheon.yeoddadae.GpsCertificationActivity" />
82-->src\main\AndroidManifest.xml:41:9-61
82-->src\main\AndroidManifest.xml:41:19-59
83        <activity android:name="com.bucheon.yeoddadae.AddReportDiscountParkActivity" />
83-->src\main\AndroidManifest.xml:42:9-66
83-->src\main\AndroidManifest.xml:42:19-64
84        <activity android:name="com.bucheon.yeoddadae.ReportDiscountParkInformationActivity" />
84-->src\main\AndroidManifest.xml:43:9-74
84-->src\main\AndroidManifest.xml:43:19-72
85        <activity android:name="com.bucheon.yeoddadae.AnotherReportDiscountParkActivity" />
85-->src\main\AndroidManifest.xml:44:9-70
85-->src\main\AndroidManifest.xml:44:19-68
86        <activity android:name="com.bucheon.yeoddadae.RateAnotherReportDiscountParkActivity" />
86-->src\main\AndroidManifest.xml:45:9-74
86-->src\main\AndroidManifest.xml:45:19-72
87        <activity android:name="com.bucheon.yeoddadae.AdminMainActivity" />
87-->src\main\AndroidManifest.xml:46:9-54
87-->src\main\AndroidManifest.xml:46:19-52
88        <activity android:name="com.bucheon.yeoddadae.ApproveShareParkActivity" />
88-->src\main\AndroidManifest.xml:47:9-61
88-->src\main\AndroidManifest.xml:47:19-59
89        <activity android:name="com.bucheon.yeoddadae.ApproveShareParkInformationActivity" />
89-->src\main\AndroidManifest.xml:48:9-72
89-->src\main\AndroidManifest.xml:48:19-70
90        <activity android:name="com.bucheon.yeoddadae.ApproveReportActivity" />
90-->src\main\AndroidManifest.xml:49:9-58
90-->src\main\AndroidManifest.xml:49:19-56
91        <activity android:name="com.bucheon.yeoddadae.ApproveReportInformationActivity" />
91-->src\main\AndroidManifest.xml:50:9-69
91-->src\main\AndroidManifest.xml:50:19-67
92        <activity android:name="com.bucheon.yeoddadae.StatisticsActivity" />
92-->src\main\AndroidManifest.xml:51:9-55
92-->src\main\AndroidManifest.xml:51:19-53
93
94        <service
94-->src\main\AndroidManifest.xml:52:9-55:40
95            android:name="com.bucheon.yeoddadae.SttService"
95-->src\main\AndroidManifest.xml:53:13-39
96            android:enabled="true"
96-->src\main\AndroidManifest.xml:54:13-35
97            android:exported="false" />
97-->src\main\AndroidManifest.xml:55:13-37
98        <service
98-->[com.tmapmobility.tmap:navigation-sdk:10.5.0.0335] AndroidManifest.xml:20:9-24:56
99            android:name="com.skt.tmap.engine.navigation.location.TmapLocationService"
99-->[com.tmapmobility.tmap:navigation-sdk:10.5.0.0335] AndroidManifest.xml:21:13-87
100            android:enabled="true"
100-->[com.tmapmobility.tmap:navigation-sdk:10.5.0.0335] AndroidManifest.xml:22:13-35
101            android:exported="false"
101-->[com.tmapmobility.tmap:navigation-sdk:10.5.0.0335] AndroidManifest.xml:23:13-37
102            android:foregroundServiceType="location" />
102-->[com.tmapmobility.tmap:navigation-sdk:10.5.0.0335] AndroidManifest.xml:24:13-53
103
104        <provider
104-->[com.github.prolificinteractive:material-calendarview:2.0.1] AndroidManifest.xml:12:9-16:40
105            android:name="com.prolificinteractive.materialcalendarview.MaterialCalendarViewInitProvider"
105-->[com.github.prolificinteractive:material-calendarview:2.0.1] AndroidManifest.xml:13:13-105
106            android:authorities="com.bucheon.yeoddadae.materialcalendarviewinitprovider"
106-->[com.github.prolificinteractive:material-calendarview:2.0.1] AndroidManifest.xml:14:13-84
107            android:enabled="true"
107-->[com.github.prolificinteractive:material-calendarview:2.0.1] AndroidManifest.xml:15:13-35
108            android:exported="false" />
108-->[com.github.prolificinteractive:material-calendarview:2.0.1] AndroidManifest.xml:16:13-37
109
110        <service
110-->[com.google.firebase:firebase-firestore:24.10.1] AndroidManifest.xml:14:9-23:19
111            android:name="com.google.firebase.components.ComponentDiscoveryService"
111-->[com.google.firebase:firebase-firestore:24.10.1] AndroidManifest.xml:15:13-84
112            android:directBootAware="true"
112-->[com.google.firebase:firebase-common:20.4.2] AndroidManifest.xml:32:13-43
113            android:exported="false" >
113-->[com.google.firebase:firebase-firestore:24.10.1] AndroidManifest.xml:16:13-37
114            <meta-data
114-->[com.google.firebase:firebase-firestore:24.10.1] AndroidManifest.xml:17:13-19:85
115                android:name="com.google.firebase.components:com.google.firebase.firestore.FirebaseFirestoreKtxRegistrar"
115-->[com.google.firebase:firebase-firestore:24.10.1] AndroidManifest.xml:18:17-122
116                android:value="com.google.firebase.components.ComponentRegistrar" />
116-->[com.google.firebase:firebase-firestore:24.10.1] AndroidManifest.xml:19:17-82
117            <meta-data
117-->[com.google.firebase:firebase-firestore:24.10.1] AndroidManifest.xml:20:13-22:85
118                android:name="com.google.firebase.components:com.google.firebase.firestore.FirestoreRegistrar"
118-->[com.google.firebase:firebase-firestore:24.10.1] AndroidManifest.xml:21:17-111
119                android:value="com.google.firebase.components.ComponentRegistrar" />
119-->[com.google.firebase:firebase-firestore:24.10.1] AndroidManifest.xml:22:17-82
120            <meta-data
120-->[com.google.firebase:firebase-auth:22.3.1] AndroidManifest.xml:69:13-71:85
121                android:name="com.google.firebase.components:com.google.firebase.auth.FirebaseAuthRegistrar"
121-->[com.google.firebase:firebase-auth:22.3.1] AndroidManifest.xml:70:17-109
122                android:value="com.google.firebase.components.ComponentRegistrar" />
122-->[com.google.firebase:firebase-auth:22.3.1] AndroidManifest.xml:71:17-82
123            <meta-data
123-->[com.google.firebase:firebase-storage:20.3.0] AndroidManifest.xml:30:13-32:85
124                android:name="com.google.firebase.components:com.google.firebase.storage.FirebaseStorageKtxRegistrar"
124-->[com.google.firebase:firebase-storage:20.3.0] AndroidManifest.xml:31:17-118
125                android:value="com.google.firebase.components.ComponentRegistrar" />
125-->[com.google.firebase:firebase-storage:20.3.0] AndroidManifest.xml:32:17-82
126            <meta-data
126-->[com.google.firebase:firebase-storage:20.3.0] AndroidManifest.xml:33:13-35:85
127                android:name="com.google.firebase.components:com.google.firebase.storage.StorageRegistrar"
127-->[com.google.firebase:firebase-storage:20.3.0] AndroidManifest.xml:34:17-107
128                android:value="com.google.firebase.components.ComponentRegistrar" />
128-->[com.google.firebase:firebase-storage:20.3.0] AndroidManifest.xml:35:17-82
129            <meta-data
129-->[com.google.android.gms:play-services-measurement-api:21.5.0] AndroidManifest.xml:37:13-39:85
130                android:name="com.google.firebase.components:com.google.firebase.analytics.connector.internal.AnalyticsConnectorRegistrar"
130-->[com.google.android.gms:play-services-measurement-api:21.5.0] AndroidManifest.xml:38:17-139
131                android:value="com.google.firebase.components.ComponentRegistrar" />
131-->[com.google.android.gms:play-services-measurement-api:21.5.0] AndroidManifest.xml:39:17-82
132            <meta-data
132-->[com.google.firebase:firebase-appcheck:17.1.1] AndroidManifest.xml:25:13-27:85
133                android:name="com.google.firebase.components:com.google.firebase.appcheck.FirebaseAppCheckKtxRegistrar"
133-->[com.google.firebase:firebase-appcheck:17.1.1] AndroidManifest.xml:26:17-120
134                android:value="com.google.firebase.components.ComponentRegistrar" />
134-->[com.google.firebase:firebase-appcheck:17.1.1] AndroidManifest.xml:27:17-82
135            <meta-data
135-->[com.google.firebase:firebase-appcheck:17.1.1] AndroidManifest.xml:28:13-30:85
136                android:name="com.google.firebase.components:com.google.firebase.appcheck.FirebaseAppCheckRegistrar"
136-->[com.google.firebase:firebase-appcheck:17.1.1] AndroidManifest.xml:29:17-117
137                android:value="com.google.firebase.components.ComponentRegistrar" />
137-->[com.google.firebase:firebase-appcheck:17.1.1] AndroidManifest.xml:30:17-82
138            <meta-data
138-->[com.google.firebase:firebase-installations:17.2.0] AndroidManifest.xml:15:13-17:85
139                android:name="com.google.firebase.components:com.google.firebase.installations.FirebaseInstallationsKtxRegistrar"
139-->[com.google.firebase:firebase-installations:17.2.0] AndroidManifest.xml:16:17-130
140                android:value="com.google.firebase.components.ComponentRegistrar" />
140-->[com.google.firebase:firebase-installations:17.2.0] AndroidManifest.xml:17:17-82
141            <meta-data
141-->[com.google.firebase:firebase-installations:17.2.0] AndroidManifest.xml:18:13-20:85
142                android:name="com.google.firebase.components:com.google.firebase.installations.FirebaseInstallationsRegistrar"
142-->[com.google.firebase:firebase-installations:17.2.0] AndroidManifest.xml:19:17-127
143                android:value="com.google.firebase.components.ComponentRegistrar" />
143-->[com.google.firebase:firebase-installations:17.2.0] AndroidManifest.xml:20:17-82
144            <meta-data
144-->[com.google.firebase:firebase-common-ktx:20.4.2] AndroidManifest.xml:12:13-14:85
145                android:name="com.google.firebase.components:com.google.firebase.ktx.FirebaseCommonLegacyRegistrar"
145-->[com.google.firebase:firebase-common-ktx:20.4.2] AndroidManifest.xml:13:17-116
146                android:value="com.google.firebase.components.ComponentRegistrar" />
146-->[com.google.firebase:firebase-common-ktx:20.4.2] AndroidManifest.xml:14:17-82
147            <meta-data
147-->[com.google.firebase:firebase-common:20.4.2] AndroidManifest.xml:35:13-37:85
148                android:name="com.google.firebase.components:com.google.firebase.FirebaseCommonKtxRegistrar"
148-->[com.google.firebase:firebase-common:20.4.2] AndroidManifest.xml:36:17-109
149                android:value="com.google.firebase.components.ComponentRegistrar" />
149-->[com.google.firebase:firebase-common:20.4.2] AndroidManifest.xml:37:17-82
150        </service>
151
152        <activity
152-->[com.google.firebase:firebase-auth:22.3.1] AndroidManifest.xml:29:9-46:20
153            android:name="com.google.firebase.auth.internal.GenericIdpActivity"
153-->[com.google.firebase:firebase-auth:22.3.1] AndroidManifest.xml:30:13-80
154            android:excludeFromRecents="true"
154-->[com.google.firebase:firebase-auth:22.3.1] AndroidManifest.xml:31:13-46
155            android:exported="true"
155-->[com.google.firebase:firebase-auth:22.3.1] AndroidManifest.xml:32:13-36
156            android:launchMode="singleTask"
156-->[com.google.firebase:firebase-auth:22.3.1] AndroidManifest.xml:33:13-44
157            android:theme="@android:style/Theme.Translucent.NoTitleBar" >
157-->[com.google.firebase:firebase-auth:22.3.1] AndroidManifest.xml:34:13-72
158            <intent-filter>
158-->[com.google.firebase:firebase-auth:22.3.1] AndroidManifest.xml:35:13-45:29
159                <action android:name="android.intent.action.VIEW" />
159-->[com.google.firebase:firebase-auth:22.3.1] AndroidManifest.xml:36:17-69
159-->[com.google.firebase:firebase-auth:22.3.1] AndroidManifest.xml:36:25-66
160
161                <category android:name="android.intent.category.DEFAULT" />
161-->[com.google.firebase:firebase-auth:22.3.1] AndroidManifest.xml:38:17-76
161-->[com.google.firebase:firebase-auth:22.3.1] AndroidManifest.xml:38:27-73
162                <category android:name="android.intent.category.BROWSABLE" />
162-->[com.google.firebase:firebase-auth:22.3.1] AndroidManifest.xml:39:17-78
162-->[com.google.firebase:firebase-auth:22.3.1] AndroidManifest.xml:39:27-75
163
164                <data
164-->[com.google.firebase:firebase-auth:22.3.1] AndroidManifest.xml:41:17-44:51
165                    android:host="firebase.auth"
165-->[com.google.firebase:firebase-auth:22.3.1] AndroidManifest.xml:42:21-49
166                    android:path="/"
166-->[com.google.firebase:firebase-auth:22.3.1] AndroidManifest.xml:43:21-37
167                    android:scheme="genericidp" />
167-->[com.google.firebase:firebase-auth:22.3.1] AndroidManifest.xml:44:21-48
168            </intent-filter>
169        </activity>
170        <activity
170-->[com.google.firebase:firebase-auth:22.3.1] AndroidManifest.xml:47:9-64:20
171            android:name="com.google.firebase.auth.internal.RecaptchaActivity"
171-->[com.google.firebase:firebase-auth:22.3.1] AndroidManifest.xml:48:13-79
172            android:excludeFromRecents="true"
172-->[com.google.firebase:firebase-auth:22.3.1] AndroidManifest.xml:49:13-46
173            android:exported="true"
173-->[com.google.firebase:firebase-auth:22.3.1] AndroidManifest.xml:50:13-36
174            android:launchMode="singleTask"
174-->[com.google.firebase:firebase-auth:22.3.1] AndroidManifest.xml:51:13-44
175            android:theme="@android:style/Theme.Translucent.NoTitleBar" >
175-->[com.google.firebase:firebase-auth:22.3.1] AndroidManifest.xml:52:13-72
176            <intent-filter>
176-->[com.google.firebase:firebase-auth:22.3.1] AndroidManifest.xml:53:13-63:29
177                <action android:name="android.intent.action.VIEW" />
177-->[com.google.firebase:firebase-auth:22.3.1] AndroidManifest.xml:36:17-69
177-->[com.google.firebase:firebase-auth:22.3.1] AndroidManifest.xml:36:25-66
178
179                <category android:name="android.intent.category.DEFAULT" />
179-->[com.google.firebase:firebase-auth:22.3.1] AndroidManifest.xml:38:17-76
179-->[com.google.firebase:firebase-auth:22.3.1] AndroidManifest.xml:38:27-73
180                <category android:name="android.intent.category.BROWSABLE" />
180-->[com.google.firebase:firebase-auth:22.3.1] AndroidManifest.xml:39:17-78
180-->[com.google.firebase:firebase-auth:22.3.1] AndroidManifest.xml:39:27-75
181
182                <data
182-->[com.google.firebase:firebase-auth:22.3.1] AndroidManifest.xml:41:17-44:51
183                    android:host="firebase.auth"
183-->[com.google.firebase:firebase-auth:22.3.1] AndroidManifest.xml:42:21-49
184                    android:path="/"
184-->[com.google.firebase:firebase-auth:22.3.1] AndroidManifest.xml:43:21-37
185                    android:scheme="recaptcha" />
185-->[com.google.firebase:firebase-auth:22.3.1] AndroidManifest.xml:44:21-48
186            </intent-filter>
187        </activity>
188        <activity
188-->[androidx.compose.ui:ui-tooling:1.3.3] AndroidManifest.xml:23:9-25:39
189            android:name="androidx.compose.ui.tooling.PreviewActivity"
189-->[androidx.compose.ui:ui-tooling:1.3.3] AndroidManifest.xml:24:13-71
190            android:exported="true" />
190-->[androidx.compose.ui:ui-tooling:1.3.3] AndroidManifest.xml:25:13-36
191
192        <receiver
192-->[com.google.android.gms:play-services-measurement:21.5.0] AndroidManifest.xml:29:9-33:20
193            android:name="com.google.android.gms.measurement.AppMeasurementReceiver"
193-->[com.google.android.gms:play-services-measurement:21.5.0] AndroidManifest.xml:30:13-85
194            android:enabled="true"
194-->[com.google.android.gms:play-services-measurement:21.5.0] AndroidManifest.xml:31:13-35
195            android:exported="false" >
195-->[com.google.android.gms:play-services-measurement:21.5.0] AndroidManifest.xml:32:13-37
196        </receiver>
197
198        <service
198-->[com.google.android.gms:play-services-measurement:21.5.0] AndroidManifest.xml:35:9-38:40
199            android:name="com.google.android.gms.measurement.AppMeasurementService"
199-->[com.google.android.gms:play-services-measurement:21.5.0] AndroidManifest.xml:36:13-84
200            android:enabled="true"
200-->[com.google.android.gms:play-services-measurement:21.5.0] AndroidManifest.xml:37:13-35
201            android:exported="false" />
201-->[com.google.android.gms:play-services-measurement:21.5.0] AndroidManifest.xml:38:13-37
202        <service
202-->[com.google.android.gms:play-services-measurement:21.5.0] AndroidManifest.xml:39:9-43:72
203            android:name="com.google.android.gms.measurement.AppMeasurementJobService"
203-->[com.google.android.gms:play-services-measurement:21.5.0] AndroidManifest.xml:40:13-87
204            android:enabled="true"
204-->[com.google.android.gms:play-services-measurement:21.5.0] AndroidManifest.xml:41:13-35
205            android:exported="false"
205-->[com.google.android.gms:play-services-measurement:21.5.0] AndroidManifest.xml:42:13-37
206            android:permission="android.permission.BIND_JOB_SERVICE" />
206-->[com.google.android.gms:play-services-measurement:21.5.0] AndroidManifest.xml:43:13-69
207
208        <property
208-->[com.google.android.gms:play-services-measurement-api:21.5.0] AndroidManifest.xml:30:9-32:61
209            android:name="android.adservices.AD_SERVICES_CONFIG"
209-->[com.google.android.gms:play-services-measurement-api:21.5.0] AndroidManifest.xml:31:13-65
210            android:resource="@xml/ga_ad_services_config" />
210-->[com.google.android.gms:play-services-measurement-api:21.5.0] AndroidManifest.xml:32:13-58
211
212        <provider
212-->[com.google.firebase:firebase-common:20.4.2] AndroidManifest.xml:23:9-28:39
213            android:name="com.google.firebase.provider.FirebaseInitProvider"
213-->[com.google.firebase:firebase-common:20.4.2] AndroidManifest.xml:24:13-77
214            android:authorities="com.bucheon.yeoddadae.firebaseinitprovider"
214-->[com.google.firebase:firebase-common:20.4.2] AndroidManifest.xml:25:13-72
215            android:directBootAware="true"
215-->[com.google.firebase:firebase-common:20.4.2] AndroidManifest.xml:26:13-43
216            android:exported="false"
216-->[com.google.firebase:firebase-common:20.4.2] AndroidManifest.xml:27:13-37
217            android:initOrder="100" />
217-->[com.google.firebase:firebase-common:20.4.2] AndroidManifest.xml:28:13-36
218
219        <activity
219-->[com.google.android.gms:play-services-base:18.2.0] AndroidManifest.xml:20:9-22:45
220            android:name="com.google.android.gms.common.api.GoogleApiActivity"
220-->[com.google.android.gms:play-services-base:18.2.0] AndroidManifest.xml:20:19-85
221            android:exported="false"
221-->[com.google.android.gms:play-services-base:18.2.0] AndroidManifest.xml:22:19-43
222            android:theme="@android:style/Theme.Translucent.NoTitleBar" />
222-->[com.google.android.gms:play-services-base:18.2.0] AndroidManifest.xml:21:19-78
223
224        <provider
224-->[androidx.emoji2:emoji2:1.2.0] AndroidManifest.xml:24:9-32:20
225            android:name="androidx.startup.InitializationProvider"
225-->[androidx.emoji2:emoji2:1.2.0] AndroidManifest.xml:25:13-67
226            android:authorities="com.bucheon.yeoddadae.androidx-startup"
226-->[androidx.emoji2:emoji2:1.2.0] AndroidManifest.xml:26:13-68
227            android:exported="false" >
227-->[androidx.emoji2:emoji2:1.2.0] AndroidManifest.xml:27:13-37
228            <meta-data
228-->[androidx.emoji2:emoji2:1.2.0] AndroidManifest.xml:29:13-31:52
229                android:name="androidx.emoji2.text.EmojiCompatInitializer"
229-->[androidx.emoji2:emoji2:1.2.0] AndroidManifest.xml:30:17-75
230                android:value="androidx.startup" />
230-->[androidx.emoji2:emoji2:1.2.0] AndroidManifest.xml:31:17-49
231            <meta-data
231-->[androidx.lifecycle:lifecycle-process:2.6.1] AndroidManifest.xml:29:13-31:52
232                android:name="androidx.lifecycle.ProcessLifecycleInitializer"
232-->[androidx.lifecycle:lifecycle-process:2.6.1] AndroidManifest.xml:30:17-78
233                android:value="androidx.startup" />
233-->[androidx.lifecycle:lifecycle-process:2.6.1] AndroidManifest.xml:31:17-49
234            <meta-data
234-->[androidx.profileinstaller:profileinstaller:1.3.0] AndroidManifest.xml:29:13-31:52
235                android:name="androidx.profileinstaller.ProfileInstallerInitializer"
235-->[androidx.profileinstaller:profileinstaller:1.3.0] AndroidManifest.xml:30:17-85
236                android:value="androidx.startup" />
236-->[androidx.profileinstaller:profileinstaller:1.3.0] AndroidManifest.xml:31:17-49
237        </provider>
238
239        <uses-library
239-->[androidx.privacysandbox.ads:ads-adservices:1.0.0-beta05] AndroidManifest.xml:23:9-25:40
240            android:name="android.ext.adservices"
240-->[androidx.privacysandbox.ads:ads-adservices:1.0.0-beta05] AndroidManifest.xml:24:13-50
241            android:required="false" />
241-->[androidx.privacysandbox.ads:ads-adservices:1.0.0-beta05] AndroidManifest.xml:25:13-37
242
243        <meta-data
243-->[com.google.android.gms:play-services-basement:18.1.0] AndroidManifest.xml:21:9-23:69
244            android:name="com.google.android.gms.version"
244-->[com.google.android.gms:play-services-basement:18.1.0] AndroidManifest.xml:22:13-58
245            android:value="@integer/google_play_services_version" />
245-->[com.google.android.gms:play-services-basement:18.1.0] AndroidManifest.xml:23:13-66
246
247        <receiver
247-->[androidx.profileinstaller:profileinstaller:1.3.0] AndroidManifest.xml:34:9-52:20
248            android:name="androidx.profileinstaller.ProfileInstallReceiver"